<?xml version="1.0" encoding="utf-8"?><testsuites name="pytest tests"><testsuite name="pytest" errors="0" failures="0" skipped="0" tests="27" time="42.287" timestamp="2026-01-13T04:54:50.497350+00:00" hostname="agent-env-954e1daf-55bd-4846-977b-161adfd2ea05"><testcase classname="tests.test_docassist_api.TestHealthAndAuth" name="test_api_root" time="0.099" /><testcase classname="tests.test_docassist_api.TestHealthAndAuth" name="test_login_success" time="0.040" /><testcase classname="tests.test_docassist_api.TestHealthAndAuth" name="test_login_invalid_credentials" time="0.037" /><testcase classname="tests.test_docassist_api.TestHealthAndAuth" name="test_login_nurse" time="0.073" /><testcase classname="tests.test_docassist_api.TestDataInitialization" name="test_init_data" time="0.035" /><testcase classname="tests.test_docassist_api.TestDataInitialization" name="test_get_all_patients" time="0.037" /><testcase classname="tests.test_docassist_api.TestPatientSearch" name="test_search_by_patient_id" time="0.042" /><testcase classname="tests.test_docassist_api.TestPatientSearch" name="test_search_nonexistent_patient" time="0.041" /><testcase classname="tests.test_docassist_api.TestPatientSearch" name="test_search_by_name_partial" time="0.084" /><testcase classname="tests.test_docassist_api.TestEvidenceCardsWithDoctorAndReportImage" name="test_deep_query_evidence_has_doctor_field" time="2.897" /><testcase classname="tests.test_docassist_api.TestEvidenceCardsWithDoctorAndReportImage" name="test_deep_query_evidence_has_report_image" time="1.684" /><testcase classname="tests.test_docassist_api.TestEvidenceCardsWithDoctorAndReportImage" name="test_medical_records_have_report_images" time="0.056" /><testcase classname="tests.test_docassist_api.TestDeepQuery" name="test_deep_query_basic" time="7.341" /><testcase classname="tests.test_docassist_api.TestDeepQuery" name="test_deep_query_blood_specific" time="2.024" /><testcase classname="tests.test_docassist_api.TestDeepQuery" name="test_deep_query_treatment_specific" time="3.131" /><testcase classname="tests.test_docassist_api.TestDeepQuery" name="test_deep_query_nonexistent_patient" time="0.056" /><testcase classname="tests.test_docassist_api.TestDeepQuery" name="test_deep_query_empty_question" time="8.520" /><testcase classname="tests.test_docassist_api.TestFileUploadAndAnalysis" name="test_analyze_document_png" time="4.500" /><testcase classname="tests.test_docassist_api.TestFileUploadAndAnalysis" name="test_analyze_document_invalid_file_type" time="0.051" /><testcase classname="tests.test_docassist_api.TestFileUploadAndAnalysis" name="test_analyze_document_jpeg_type" time="3.347" /><testcase classname="tests.test_docassist_api.TestFileUploadAndAnalysis" name="test_analyze_document_webp_type" time="3.340" /><testcase classname="tests.test_docassist_api.TestFileUploadAndAnalysis" name="test_analyze_document_with_patient_context" time="4.496" /><testcase classname="tests.test_docassist_api.TestPatientAnalytics" name="test_get_patient_analytics" time="0.064" /><testcase classname="tests.test_docassist_api.TestDepartmentRecords" name="test_get_mri_department" time="0.037" /><testcase classname="tests.test_docassist_api.TestDepartmentRecords" name="test_get_xray_department" time="0.038" /><testcase classname="tests.test_docassist_api.TestDepartmentRecords" name="test_get_treatment_department" time="0.037" /><testcase classname="tests.test_docassist_api.TestDepartmentRecords" name="test_invalid_department" time="0.036" /></testsuite></testsuites>