<?xml version="1.0" encoding="utf-8"?><testsuites name="pytest tests"><testsuite name="pytest" errors="0" failures="0" skipped="0" tests="19" time="37.504" timestamp="2026-01-13T04:18:04.338986+00:00" hostname="agent-env-954e1daf-55bd-4846-977b-161adfd2ea05"><testcase classname="tests.test_docassist_api.TestHealthAndAuth" name="test_api_root" time="0.135" /><testcase classname="tests.test_docassist_api.TestHealthAndAuth" name="test_login_success" time="0.038" /><testcase classname="tests.test_docassist_api.TestHealthAndAuth" name="test_login_invalid_credentials" time="0.040" /><testcase classname="tests.test_docassist_api.TestHealthAndAuth" name="test_login_nurse" time="0.033" /><testcase classname="tests.test_docassist_api.TestDataInitialization" name="test_init_data" time="0.058" /><testcase classname="tests.test_docassist_api.TestDataInitialization" name="test_get_all_patients" time="0.047" /><testcase classname="tests.test_docassist_api.TestPatientSearch" name="test_search_by_patient_id" time="0.041" /><testcase classname="tests.test_docassist_api.TestPatientSearch" name="test_search_nonexistent_patient" time="0.042" /><testcase classname="tests.test_docassist_api.TestPatientSearch" name="test_search_by_name_partial" time="0.084" /><testcase classname="tests.test_docassist_api.TestDeepQuery" name="test_deep_query_basic" time="12.776" /><testcase classname="tests.test_docassist_api.TestDeepQuery" name="test_deep_query_blood_specific" time="3.631" /><testcase classname="tests.test_docassist_api.TestDeepQuery" name="test_deep_query_treatment_specific" time="4.358" /><testcase classname="tests.test_docassist_api.TestDeepQuery" name="test_deep_query_nonexistent_patient" time="0.059" /><testcase classname="tests.test_docassist_api.TestDeepQuery" name="test_deep_query_empty_question" time="15.809" /><testcase classname="tests.test_docassist_api.TestPatientAnalytics" name="test_get_patient_analytics" time="0.077" /><testcase classname="tests.test_docassist_api.TestDepartmentRecords" name="test_get_mri_department" time="0.042" /><testcase classname="tests.test_docassist_api.TestDepartmentRecords" name="test_get_xray_department" time="0.038" /><testcase classname="tests.test_docassist_api.TestDepartmentRecords" name="test_get_treatment_department" time="0.036" /><testcase classname="tests.test_docassist_api.TestDepartmentRecords" name="test_invalid_department" time="0.035" /></testsuite></testsuites>